[INFO]-- Found tweets for user: undefined
[INFO]-- Found tweets for user: nzingaretti
[INFO]-- Twitter metrics defined for user: nzingaretti
[INFO]-- Found followers for user: nzingaretti
[INFO]-- Found tweets for user: nzingaretti
[INFO]-- Found followers for user: nzingaretti
[INFO]-- Twitter metrics defined for user: nzingaretti
[INFO]-- Found tweets for user: nzingaretti
[INFO]-- Found followers for user: nzingaretti
[INFO]-- Twitter metrics defined for user: nzingaretti
[INFO]-- Found tweets for user: nzingaretti
[INFO]-- Found followers for user: nzingaretti
[INFO]-- Twitter metrics defined for user: nzingaretti
[INFO]-- Found tweets for user: nzingaretti
[INFO]-- Found followers for user: nzingaretti
[INFO]-- Twitter metrics defined for user: nzingaretti
[INFO]-- Found tweets for user: nzingaretti
[INFO]-- Twitter metrics defined for user: nzingaretti
[INFO]-- Found followers for user: nzingaretti
[INFO]-- Found tweets for user: nzingaretti
[INFO]-- Found followers for user: nzingaretti
[INFO]-- Twitter metrics defined for user: nzingaretti
[INFO]-- Saved user: nzingaretti
[INFO]-- Found tweets for user: luigidimaio
[INFO]-- Found followers for user: luigidimaio
[INFO]-- Twitter metrics defined for user: luigidimaio
[INFO]-- Saved user: luigidimaio
[INFO]-- Found tweets for user: luigidimaio
[INFO]-- Found followers for user: luigidimaio
[INFO]-- Twitter metrics defined for user: luigidimaio
[INFO]-- Saved user: luigidimaio
[INFO]-- Found tweets for user: luigidimaio
[INFO]-- Twitter metrics defined for user: luigidimaio
[INFO]-- Found followers for user: luigidimaio
[INFO]-- Saved user: luigidimaio
[INFO]-- Found tweets for user: luijdjkdsh
[ERROR]-- Error while retrieving twitter params for user: luijdjkdsh
[INFO]-- Saved user: luijdjkdsh
[INFO]-- Found tweets for user: luijdjkdsh
[ERROR]-- Error while retrieving twitter params for user: luijdjkdsh
[INFO]-- Saved user: luijdjkdsh
[INFO]-- Found tweets for user: nzingaretti
[INFO]-- Found followers for user: nzingaretti
[INFO]-- Twitter metrics defined for user: nzingaretti
[INFO]-- Saved user: nzingaretti
[INFO]-- Found tweets for user: nzingarett
[ERROR]-- Error while retrieving twitter params for user: nzingarett
[INFO]-- Saved user: nzingarett
[INFO]-- Found tweets for user: 5
[ERROR]-- Error while retrieving twitter params for user: 5
[INFO]-- Saved user: 5
